<?xml version="1.0" encoding="UTF-8"?>
<!-- Generated by org.testng.reporters.JUnitReportReporter -->
<testsuite skipped="0" hostname="Chaya" name="com.test.SampleTest" tests="1" failures="0" timestamp="24 Mar 2018 13:56:03 GMT" time="35.066" errors="0">
  <testcase name="f" time="35.066" classname="com.test.SampleTest"/>
</testsuite> <!-- com.test.SampleTest -->
