<?xml version="1.0" encoding="UTF-8"?>
<!-- Generated by org.testng.reporters.JUnitReportReporter -->
<testsuite skipped="0" hostname="Chaya" name="com.test.SampleTest" tests="1" failures="0" timestamp="24 Mar 2018 17:11:14 GMT" time="20.044" errors="0">
  <testcase name="f" time="20.044" classname="com.test.SampleTest"/>
</testsuite> <!-- com.test.SampleTest -->
